TN:
SF:D:\proyectos\Privados\vertical-timeline-component-react\src\components\content\index.js
FN:5,(anonymous_0)
FNF:1
FNH:0
FNDA:0,(anonymous_0)
DA:5,0
DA:6,0
DA:8,0
DA:15,0
LF:4
LH:0
BRF:0
BRH:0
end_of_record
TN:
SF:D:\proyectos\Privados\vertical-timeline-component-react\src\components\content_body\index.js
FN:5,(anonymous_0)
FNF:1
FNH:1
FNDA:1,(anonymous_0)
DA:5,1
DA:9,1
DA:11,1
DA:21,1
LF:4
LH:4
BRF:0
BRH:0
end_of_record
TN:
SF:D:\proyectos\Privados\vertical-timeline-component-react\src\components\content_year\index.js
FN:5,(anonymous_0)
FNF:1
FNH:1
FNDA:1,(anonymous_0)
DA:5,1
DA:6,1
DA:8,1
DA:17,1
LF:4
LH:4
BRF:0
BRH:0
end_of_record
TN:
SF:D:\proyectos\Privados\vertical-timeline-component-react\src\components\description\index.js
FN:5,(anonymous_0)
FNF:1
FNH:1
FNDA:2,(anonymous_0)
DA:5,1
DA:9,2
DA:11,2
DA:22,1
DA:27,1
LF:5
LH:5
BRDA:14,0,0,1
BRDA:14,0,1,1
BRF:2
BRH:2
end_of_record
TN:
SF:D:\proyectos\Privados\vertical-timeline-component-react\src\components\timeline\index.js
FN:5,(anonymous_0)
FNF:1
FNH:1
FNDA:1,(anonymous_0)
DA:5,1
DA:6,1
DA:8,1
DA:15,1
LF:4
LH:4
BRF:0
BRH:0
end_of_record
